<?xml version="1.0" encoding="UTF-8"?>
<!-- Generated by org.testng.reporters.JUnitXMLReporter -->
<testsuite hostname="LAPTOP-UBQPUFNI" name="Free CRM App Test Cases" tests="7" failures="0" timestamp="15 Mar 2023 03:13:03 GMT" time="104.14" errors="0">
  <testcase name="loginPageTitleTest" time="0.17" classname="com.crm.qa.testcases.LoginPageTest"/>
  <testcase name="loginTest" time="1.004" classname="com.crm.qa.testcases.LoginPageTest"/>
  <testcase name="verifyHomePageTitleTest" time="0.01" classname="com.crm.qa.testcases.HomePageTest"/>
  <testcase name="verifyusernametest" time="2.033" classname="com.crm.qa.testcases.HomePageTest"/>
  <testcase name="verifycontactslinktest" time="2.023" classname="com.crm.qa.testcases.HomePageTest"/>
  <testcase name="verifycontactspagelabeltest" time="0.067" classname="com.crm.qa.testcases.ContactsPageTest"/>
  <testcase name="selectcontactsTest" time="0.191" classname="com.crm.qa.testcases.ContactsPageTest"/>
</testsuite> <!-- Free CRM App Test Cases -->
